<?xml version="1.0" encoding="UTF-8"?>
<testsuite xmlns:xsi="http://www.w3.org/2001/XMLSchema-instance" xsi:noNamespaceSchemaLocation="https://maven.apache.org/surefire/maven-surefire-plugin/xsd/surefire-test-report.xsd" name="com.github.maikoncanuto.lumini.service.EnderecoServiceTest" time="0.842" tests="6" errors="0" skipped="0" failures="0">
  <properties>
[...]
</properties>
  <testcase name="testEnderecoServiceFindEnderecoByCnpjParametroEmBrancoException" classname="com.github.maikoncanuto.lumini.service.EnderecoServiceTest" time="0.01"/>
  <testcase name="testEnderecoServiceFindEnderecoByCnpjParametroInvalidoException" classname="com.github.maikoncanuto.lumini.service.EnderecoServiceTest" time="0.004"/>
  <testcase name="testEnderecoServiceFindEnderecoByCnpjParametroNullException" classname="com.github.maikoncanuto.lumini.service.EnderecoServiceTest" time="0.003"/>
  <testcase name="testEnderecoServiceFindEnderecoByCnpjParametroNotFoundException" classname="com.github.maikoncanuto.lumini.service.EnderecoServiceTest" time="0.004"/>
  <testcase name="testEnderecoServiceFindEnderecoByCnpjParametroInvalidoLetraException" classname="com.github.maikoncanuto.lumini.service.EnderecoServiceTest" time="0.004"/>
  <testcase name="testEnderecoServiceFindEnderecoByCnpjParametroCorreto" classname="com.github.maikoncanuto.lumini.service.EnderecoServiceTest" time="0.005"/>
</testsuite>